<?xml version="1.0" encoding="UTF-8"?>
<!-- Generated by org.testng.reporters.JUnitReportReporter -->
<testsuite hostname="vmwx64apxqa11" name="com.mycompany.myproject.TESTDemo" tests="1" failures="0" timestamp="3 Dec 2019 11:30:35 GMT" time="22.795" errors="0">
  <testcase name="myTest" time="22.795" classname="com.mycompany.myproject.TESTDemo"/>
</testsuite> <!-- com.mycompany.myproject.TESTDemo -->
